This is XeTeX, Version 3.14159265-2.6-0.99998 (TeX Live 2017/Debian) (preloaded format=xelatex 2018.10.15)  26 APR 2020 19:56
entering extended mode
 \write18 enabled.
 file:line:error style messages enabled.
 %&-line parsing enabled.
**/home/piotr/Dokumenty/studia/mgr/1sem/analiza_alg/lista3/sprawozdanie/sprawozdanie.tex
(/home/piotr/Dokumenty/studia/mgr/1sem/analiza_alg/lista3/sprawozdanie/sprawozdanie.tex
LaTeX2e <2017-04-15>
Babel <3.18> and hyphenation patterns for 84 language(s) loaded.
(/usr/share/texlive/texmf-dist/tex/latex/base/article.cls
Document Class: article 2014/09/29 v1.4h Standard LaTeX document class
(/usr/share/texlive/texmf-dist/tex/latex/base/size10.clo
File: size10.clo 2014/09/29 v1.4h Standard LaTeX file (size option)
)
\c@part=\count79
\c@section=\count80
\c@subsection=\count81
\c@subsubsection=\count82
\c@paragraph=\count83
\c@subparagraph=\count84
\c@figure=\count85
\c@table=\count86
\abovecaptionskip=\skip41
\belowcaptionskip=\skip42
\bibindent=\dimen102
) (/usr/share/texlive/texmf-dist/tex/latex/polski/polski.sty
Package: polski 2017/05/04 v1.3.4 Polish language package
) (/usr/share/texlive/texmf-dist/tex/latex/base/inputenc.sty
Package: inputenc 2015/03/17 v1.2c Input encoding file
\inpenc@prehook=\toks14
\inpenc@posthook=\toks15


Package inputenc Warning: inputenc package ignored with utf8 based engines.

) (/usr/share/texlive/texmf-dist/tex/latex/tools/enumerate.sty
Package: enumerate 2015/07/23 v3.00 enumerate extensions (DPC)
\@enLab=\toks16
) (/usr/share/texlive/texmf-dist/tex/latex/amsmath/amsmath.sty
Package: amsmath 2017/09/02 v2.17a AMS math features
\@mathmargin=\skip43

For additional information on amsmath, use the `?' option.
(/usr/share/texlive/texmf-dist/tex/latex/amsmath/amstext.sty
Package: amstext 2000/06/29 v2.01 AMS text
 (/usr/share/texlive/texmf-dist/tex/latex/amsmath/amsgen.sty
File: amsgen.sty 1999/11/30 v2.0 generic functions
\@emptytoks=\toks17
\ex@=\dimen103
)) (/usr/share/texlive/texmf-dist/tex/latex/amsmath/amsbsy.sty
Package: amsbsy 1999/11/29 v1.2d Bold Symbols
\pmbraise@=\dimen104
) (/usr/share/texlive/texmf-dist/tex/latex/amsmath/amsopn.sty
Package: amsopn 2016/03/08 v2.02 operator names
)
\inf@bad=\count87
LaTeX Info: Redefining \frac on input line 213.
\uproot@=\count88
\leftroot@=\count89
LaTeX Info: Redefining \overline on input line 375.
\classnum@=\count90
\DOTSCASE@=\count91
LaTeX Info: Redefining \ldots on input line 472.
LaTeX Info: Redefining \dots on input line 475.
LaTeX Info: Redefining \cdots on input line 596.
\Mathstrutbox@=\box26
\strutbox@=\box27
\big@size=\dimen105
LaTeX Font Info:    Redeclaring font encoding OML on input line 712.
LaTeX Font Info:    Redeclaring font encoding OMS on input line 713.
\macc@depth=\count92
\c@MaxMatrixCols=\count93
\dotsspace@=\muskip10
\c@parentequation=\count94
\dspbrk@lvl=\count95
\tag@help=\toks18
\row@=\count96
\column@=\count97
\maxfields@=\count98
\andhelp@=\toks19
\eqnshift@=\dimen106
\alignsep@=\dimen107
\tagshift@=\dimen108
\tagwidth@=\dimen109
\totwidth@=\dimen110
\lineht@=\dimen111
\@envbody=\toks20
\multlinegap=\skip44
\multlinetaggap=\skip45
\mathdisplay@stack=\toks21
LaTeX Info: Redefining \[ on input line 2817.
LaTeX Info: Redefining \] on input line 2818.
) (/usr/share/texlive/texmf-dist/tex/latex/amsfonts/amsfonts.sty
Package: amsfonts 2013/01/14 v3.01 Basic AMSFonts support
\symAMSa=\mathgroup4
\symAMSb=\mathgroup5
LaTeX Font Info:    Overwriting math alphabet `\mathfrak' in version `bold'
(Font)                  U/euf/m/n --> U/euf/b/n on input line 106.
) (/usr/share/texlive/texmf-dist/tex/latex/cleveref/cleveref.sty
Package: cleveref 2018/02/08 v0.21.1 Intelligent cross-referencing
) (/usr/share/texlive/texmf-dist/tex/latex/cases/cases.sty
Package: cases 2002/05/02 ver 2.5 
) (/usr/share/texlive/texmf-dist/tex/latex/mathtools/mathtools.sty
Package: mathtools 2018/01/08 v1.21 mathematical typesetting tools
 (/usr/share/texlive/texmf-dist/tex/latex/graphics/keyval.sty
Package: keyval 2014/10/28 v1.15 key=value parser (DPC)
\KV@toks@=\toks22
) (/usr/share/texlive/texmf-dist/tex/latex/tools/calc.sty
Package: calc 2014/10/28 v4.3 Infix arithmetic (KKT,FJ)
\calc@Acount=\count99
\calc@Bcount=\count100
\calc@Adimen=\dimen112
\calc@Bdimen=\dimen113
\calc@Askip=\skip46
\calc@Bskip=\skip47
LaTeX Info: Redefining \setlength on input line 80.
LaTeX Info: Redefining \addtolength on input line 81.
\calc@Ccount=\count101
\calc@Cskip=\skip48
) (/usr/share/texlive/texmf-dist/tex/latex/mathtools/mhsetup.sty
Package: mhsetup 2017/03/31 v1.3 programming setup (MH)
)
LaTeX Info: Thecontrolsequence`\('isalreadyrobust on input line 129.
LaTeX Info: Thecontrolsequence`\)'isalreadyrobust on input line 129.
LaTeX Info: Thecontrolsequence`\['isalreadyrobust on input line 129.
LaTeX Info: Thecontrolsequence`\]'isalreadyrobust on input line 129.
\g_MT_multlinerow_int=\count102
\l_MT_multwidth_dim=\dimen114
\origjot=\skip49
\l_MT_shortvdotswithinadjustabove_dim=\dimen115
\l_MT_shortvdotswithinadjustbelow_dim=\dimen116
\l_MT_above_intertext_sep=\dimen117
\l_MT_below_intertext_sep=\dimen118
\l_MT_above_shortintertext_sep=\dimen119
\l_MT_below_shortintertext_sep=\dimen120
) (/usr/share/texlive/texmf-dist/tex/latex/float/float.sty
Package: float 2001/11/08 v1.3d Float enhancements (AL)
\c@float@type=\count103
\float@exts=\toks23
\float@box=\box28
\@float@everytoks=\toks24
\@floatcapt=\box29
) (/usr/share/texlive/texmf-dist/tex/latex/graphics/graphicx.sty
Package: graphicx 2017/06/01 v1.1a Enhanced LaTeX Graphics (DPC,SPQR)
 (/usr/share/texlive/texmf-dist/tex/latex/graphics/graphics.sty
Package: graphics 2017/06/25 v1.2c Standard LaTeX Graphics (DPC,SPQR)
 (/usr/share/texlive/texmf-dist/tex/latex/graphics/trig.sty
Package: trig 2016/01/03 v1.10 sin cos tan (DPC)
) (/usr/share/texlive/texmf-dist/tex/latex/graphics-cfg/graphics.cfg
File: graphics.cfg 2016/06/04 v1.11 sample graphics configuration
)
Package graphics Info: Driver file: xetex.def on input line 99.
 (/usr/share/texlive/texmf-dist/tex/latex/graphics-def/xetex.def
File: xetex.def 2017/06/24 v5.0h Graphics/color driver for xetex
))
\Gin@req@height=\dimen121
\Gin@req@width=\dimen122
) (/usr/share/texlive/texmf-dist/tex/latex/caption/caption.sty
Package: caption 2016/02/21 v3.3-144 Customizing captions (AR)
 (/usr/share/texlive/texmf-dist/tex/latex/caption/caption3.sty
Package: caption3 2016/05/22 v1.7-166 caption3 kernel (AR)
Package caption3 Info: TeX engine: e-TeX on input line 67.
\captionmargin=\dimen123
\captionmargin@=\dimen124
\captionwidth=\dimen125
\caption@tempdima=\dimen126
\caption@indent=\dimen127
\caption@parindent=\dimen128
\caption@hangindent=\dimen129
)
\c@ContinuedFloat=\count104
Package caption Info: float package is loaded.
) (/usr/share/texlive/texmf-dist/tex/latex/caption/subcaption.sty
Package: subcaption 2016/05/22 v1.1-161 Sub-captions (AR)
\c@subfigure=\count105
\c@subtable=\count106
) (/usr/share/texlive/texmf-dist/tex/latex/algorithm2e/algorithm2e.sty
Invalid UTF-8 byte or sequence at line 284 replaced by U+FFFD.
Invalid UTF-8 byte or sequence at line 299 replaced by U+FFFD.
Invalid UTF-8 byte or sequence at line 550 replaced by U+FFFD.
Package: algorithm2e 2017/07/18 v5.2 algorithms environments
\c@AlgoLine=\count107
 (/usr/share/texlive/texmf-dist/tex/latex/base/ifthen.sty
Package: ifthen 2014/09/29 v1.1c Standard LaTeX ifthen package (DPC)
)
\algocf@hangindent=\skip50
 (/usr/share/texlive/texmf-dist/tex/latex/ifoddpage/ifoddpage.sty
Package: ifoddpage 2016/04/23 v1.1 Conditionals for odd/even page detection
\c@checkoddpage=\count108
) (/usr/share/texlive/texmf-dist/tex/latex/tools/xspace.sty
Package: xspace 2014/10/28 v1.13 Space after command names (DPC,MH)
) (/usr/share/texlive/texmf-dist/tex/latex/relsize/relsize.sty
Package: relsize 2013/03/29 ver 4.1
)
\skiptotal=\skip51
\skiplinenumber=\skip52
\skiprule=\skip53
\skiphlne=\skip54
\skiptext=\skip55
\skiplength=\skip56
\algomargin=\skip57
\skipalgocfslide=\skip58
\algowidth=\dimen130
\inoutsize=\dimen131
\inoutindent=\dimen132
\interspacetitleruled=\dimen133
\interspacealgoruled=\dimen134
\interspacetitleboxruled=\dimen135
\algocf@ruledwidth=\skip59
\algocf@inoutbox=\box30
\algocf@inputbox=\box31
\AlCapSkip=\skip60
\AlCapHSkip=\skip61
\algoskipindent=\skip62
\algocf@nlbox=\box32
\algocf@hangingbox=\box33
\algocf@untilbox=\box34
\algocf@skipuntil=\skip63
\algocf@capbox=\box35
\algocf@lcaptionbox=\skip64
\algoheightruledefault=\skip65
\algoheightrule=\skip66
\algotitleheightruledefault=\skip67
\algotitleheightrule=\skip68
\c@algocfline=\count109
\c@algocfproc=\count110
\c@algocf=\count111
\algocf@algoframe=\box36
\algocf@algobox=\box37
) (/home/piotr/Dokumenty/studia/mgr/1sem/analiza_alg/lista3/sprawozdanie/sprawozdanie.aux)
\openout1 = `sprawozdanie.aux'.

LaTeX Font Info:    Checking defaults for OML/cmm/m/it on input line 28.
LaTeX Font Info:    ... okay on input line 28.
LaTeX Font Info:    Checking defaults for T1/cmr/m/n on input line 28.
LaTeX Font Info:    ... okay on input line 28.
LaTeX Font Info:    Checking defaults for OT1/cmr/m/n on input line 28.
LaTeX Font Info:    ... okay on input line 28.
LaTeX Font Info:    Checking defaults for OMS/cmsy/m/n on input line 28.
LaTeX Font Info:    ... okay on input line 28.
LaTeX Font Info:    Checking defaults for TU/lmr/m/n on input line 28.
LaTeX Font Info:    ... okay on input line 28.
LaTeX Font Info:    Checking defaults for OMX/cmex/m/n on input line 28.
LaTeX Font Info:    ... okay on input line 28.
LaTeX Font Info:    Checking defaults for U/cmr/m/n on input line 28.
LaTeX Font Info:    ... okay on input line 28.
Package caption Info: Begin \AtBeginDocument code.
Package caption Info: End \AtBeginDocument code.
LaTeX Font Info:    Try loading font information for U+msa on input line 29.
 (/usr/share/texlive/texmf-dist/tex/latex/amsfonts/umsa.fd
File: umsa.fd 2013/01/14 v3.01 AMS symbols A
)
LaTeX Font Info:    Try loading font information for U+msb on input line 29.
 (/usr/share/texlive/texmf-dist/tex/latex/amsfonts/umsb.fd
File: umsb.fd 2013/01/14 v3.01 AMS symbols B
) [1

]
File: ./src/sum/zad1_m=10.png Graphic file (type bmp)
<./src/sum/zad1_m=10.png>
File: ./src/sum/zad1_m=50.png Graphic file (type bmp)
<./src/sum/zad1_m=50.png>
File: ./src/sum/zad1_m=100.png Graphic file (type bmp)
<./src/sum/zad1_m=100.png>
File: ./src/sum/zad1_m=200.png Graphic file (type bmp)
<./src/sum/zad1_m=200.png>
File: ./src/sum/zad1_m=400.png Graphic file (type bmp)
<./src/sum/zad1_m=400.png>

Overfull \hbox (71.22421pt too wide) in paragraph at lines 63--94
[]$[]$ $[]$
 []


Overfull \hbox (71.22421pt too wide) in paragraph at lines 63--94
[]$ $[]$
 []

[1]
Overfull \vbox (38.6954pt too high) has occurred while \output is active []

 [2]
File: ./src/sum/zad1_hash1_const.png Graphic file (type bmp)
<./src/sum/zad1_hash1_const.png>
File: ./src/sum/zad1_hash2_const.png Graphic file (type bmp)
<./src/sum/zad1_hash2_const.png>
File: ./src/sum/zad1_fibhash_const.png Graphic file (type bmp)
<./src/sum/zad1_fibhash_const.png>
File: ./src/sum/zad1_shifthash_const.png Graphic file (type bmp)
<./src/sum/zad1_shifthash_const.png>

Overfull \hbox (71.22421pt too wide) in paragraph at lines 102--122
[]$[]$ $[]$
 []


Overfull \hbox (71.22421pt too wide) in paragraph at lines 102--122
[]$ $[]$ 
 []

File: ./src/sum/zad1_const_0.png Graphic file (type bmp)
<./src/sum/zad1_const_0.png>
File: ./src/sum/zad1_const_1.png Graphic file (type bmp)
<./src/sum/zad1_const_1.png>
File: ./src/sum/zad1_const_5.png Graphic file (type bmp)
<./src/sum/zad1_const_5.png>
File: ./src/sum/zad1_range_1_10.png Graphic file (type bmp)
<./src/sum/zad1_range_1_10.png>
File: ./src/sum/zad1_range_1_1000.png Graphic file (type bmp)
<./src/sum/zad1_range_1_1000.png>
File: ./src/sum/zad1_range_1000_2000.png Graphic file (type bmp)
<./src/sum/zad1_range_1000_2000.png>

Overfull \hbox (71.22421pt too wide) in paragraph at lines 133--163
[]$[]$ $[]$
 []


Overfull \hbox (71.22421pt too wide) in paragraph at lines 133--163
[]$ $[]$
 []


Overfull \hbox (71.22421pt too wide) in paragraph at lines 133--163
[]$ $[]$ 
 []

[3]
Overfull \vbox (20.23041pt too high) has occurred while \output is active []

 [4]
File: ./src/sum/zad1_const_0_cheb_05.png Graphic file (type bmp)
<./src/sum/zad1_const_0_cheb_05.png>
File: ./src/sum/zad1_const_5_cheb_05.png Graphic file (type bmp)
<./src/sum/zad1_const_5_cheb_05.png>
File: ./src/sum/zad1_range_1_10_cheb_05.png Graphic file (type bmp)
<./src/sum/zad1_range_1_10_cheb_05.png>
File: ./src/sum/zad1_range_1000_2000_cheb_05.png Graphic file (type bmp)
<./src/sum/zad1_range_1000_2000_cheb_05.png>

Overfull \hbox (71.22421pt too wide) in paragraph at lines 174--194
[]$[]$ $[]$
 []


Overfull \hbox (71.22421pt too wide) in paragraph at lines 174--194
[]$ $[]$ 
 []

File: ./src/sum/zad1_const_0_cheb_1.png Graphic file (type bmp)
<./src/sum/zad1_const_0_cheb_1.png>
File: ./src/sum/zad1_const_5_cheb_1.png Graphic file (type bmp)
<./src/sum/zad1_const_5_cheb_1.png>
File: ./src/sum/zad1_range_1_10_cheb_1.png Graphic file (type bmp)
<./src/sum/zad1_range_1_10_cheb_1.png>
File: ./src/sum/zad1_range_1000_2000_cheb_1.png Graphic file (type bmp)
<./src/sum/zad1_range_1000_2000_cheb_1.png>

Overfull \hbox (71.22421pt too wide) in paragraph at lines 200--220
[]$[]$ $[]$
 []


Overfull \hbox (71.22421pt too wide) in paragraph at lines 200--220
[]$ $[]$ 
 []

[5]
File: ./src/sum/zad1_const_0_cheb_5.png Graphic file (type bmp)
<./src/sum/zad1_const_0_cheb_5.png>
File: ./src/sum/zad1_const_5_cheb_5.png Graphic file (type bmp)
<./src/sum/zad1_const_5_cheb_5.png>
File: ./src/sum/zad1_range_1_10_cheb_5.png Graphic file (type bmp)
<./src/sum/zad1_range_1_10_cheb_5.png>
File: ./src/sum/zad1_range_1000_2000_cheb_5.png Graphic file (type bmp)
<./src/sum/zad1_range_1000_2000_cheb_5.png>

Overfull \hbox (71.22421pt too wide) in paragraph at lines 226--246
[]$[]$ $[]$
 []


Overfull \hbox (71.22421pt too wide) in paragraph at lines 226--246
[]$ $[]$ 
 []

[6]
Underfull \hbox (badness 10000) in paragraph at lines 258--263

 []

[7]
LaTeX Font Info:    Try loading font information for U+euf on input line 265.
 (/usr/share/texlive/texmf-dist/tex/latex/amsfonts/ueuf.fd
File: ueuf.fd 2013/01/14 v3.01 Euler Fraktur
)
File: ./src/avg/zad1_const_0.png Graphic file (type bmp)
<./src/avg/zad1_const_0.png>
File: ./src/avg/zad1_const_1.png Graphic file (type bmp)
<./src/avg/zad1_const_1.png>
File: ./src/avg/zad1_const_5.png Graphic file (type bmp)
<./src/avg/zad1_const_5.png>
File: ./src/avg/zad1_range_1_10.png Graphic file (type bmp)
<./src/avg/zad1_range_1_10.png>
File: ./src/avg/zad1_range_1_1000.png Graphic file (type bmp)
<./src/avg/zad1_range_1_1000.png>
File: ./src/avg/zad1_range_1000_2000.png Graphic file (type bmp)
<./src/avg/zad1_range_1000_2000.png>

Overfull \hbox (71.22421pt too wide) in paragraph at lines 289--319
[]$[]$ $[]$
 []


Overfull \hbox (71.22421pt too wide) in paragraph at lines 289--319
[]$ $[]$
 []


Overfull \hbox (71.22421pt too wide) in paragraph at lines 289--319
[]$ $[]$ 
 []

[8]
Overfull \vbox (20.23041pt too high) has occurred while \output is active []

 [9] (/home/piotr/Dokumenty/studia/mgr/1sem/analiza_alg/lista3/sprawozdanie/sprawozdanie.aux) ) 
Here is how much of TeX's memory you used:
 6066 strings out of 493007
 108778 string characters out of 6136718
 175878 words of memory out of 5000000
 9933 multiletter control sequences out of 15000+600000
 12813 words of font info for 64 fonts, out of 8000000 for 9000
 1348 hyphenation exceptions out of 8191
 36i,15n,39p,387b,514s stack positions out of 5000i,500n,10000p,200000b,80000s

Output written on /home/piotr/Dokumenty/studia/mgr/1sem/analiza_alg/lista3/sprawozdanie/sprawozdanie.pdf (10 pages).
